<?xml version="1.0" encoding="UTF-8"?>
<!-- Generated by org.testng.reporters.JUnitReportReporter -->
<testsuite skipped="0" hostname="SGH526RPQN" name="com.crm.qa.testcases.LoginPageTest" tests="1" failures="0" timestamp="2019-08-23T16:00:47 IST" time="10.651" errors="0">
  <testcase name="loginPageTitle" time="10.651" classname="com.crm.qa.testcases.LoginPageTest"/>
</testsuite> <!-- com.crm.qa.testcases.LoginPageTest -->
