<?xml version="1.0" encoding="UTF-8"?>
<!-- Generated by org.testng.reporters.JUnitReportReporter -->
<testsuite skipped="0" hostname="SGH526RPQN" name="com.crm.qa.testcases.LoginPageTest" tests="1" failures="0" timestamp="2019-09-04T10:47:46 IST" time="27.621" errors="0">
  <testcase name="loginPageTitle" time="27.621" classname="com.crm.qa.testcases.LoginPageTest"/>
</testsuite> <!-- com.crm.qa.testcases.LoginPageTest -->
