<?xml version="1.0" encoding="UTF-8"?>
<!-- Generated by org.testng.reporters.JUnitReportReporter -->
<testsuite skipped="0" hostname="SGH526RPQN" name="com.crm.qa.testcases.HomePageTest" tests="1" failures="0" timestamp="2019-09-04T10:47:46 IST" time="0.002" errors="0">
  <testcase name="sample" time="0.002" classname="com.crm.qa.testcases.HomePageTest"/>
</testsuite> <!-- com.crm.qa.testcases.HomePageTest -->
