<?xml version="1.0" encoding="UTF-8"?>
<!-- Generated by org.testng.reporters.JUnitReportReporter -->
<testsuite skipped="0" hostname="SGH526RPQN" name="com.crm.qa.testcases.LoginPageTest" tests="1" failures="0" timestamp="2019-08-23T11:06:40 IST" time="14.097" errors="0">
  <testcase name="loginPageTitle" time="14.097" classname="com.crm.qa.testcases.LoginPageTest"/>
</testsuite> <!-- com.crm.qa.testcases.LoginPageTest -->
